<?xml version="1.0" encoding="UTF-8"?>
<testsuite xmlns:xsi="http://www.w3.org/2001/XMLSchema-instance" xsi:noNamespaceSchemaLocation="https://maven.apache.org/surefire/maven-surefire-plugin/xsd/surefire-test-report.xsd" name="com.southintel.zaokin.SouthintelWeizhiAppApplicationTests" time="5.518" tests="1" errors="0" skipped="0" failures="0">
  <properties>
    <property name="sun.desktop" value="windows"/>
    <property name="awt.toolkit" value="sun.awt.windows.WToolkit"/>
    <property name="file.encoding.pkg" value="sun.io"/>
    <property name="java.specification.version" value="1.8"/>
    <property name="sun.cpu.isalist" value="amd64"/>
    <property name="sun.jnu.encoding" value="GBK"/>
    <property name="java.class.path" value="D:\work\zjh_workspace\gateway\southintel-zaokin-app\target\test-classes;D:\work\zjh_workspace\gateway\southintel-zaokin-app\target\classes;D:\work\zjh_workspace\gateway\southintel-zaokin-base\target\zaokin-gateway.jar;D:\work\repository\org\junit\jupiter\junit-jupiter-api\5.3.2\junit-jupiter-api-5.3.2.jar;D:\work\repository\org\apiguardian\apiguardian-api\1.0.0\apiguardian-api-1.0.0.jar;D:\work\repository\org\opentest4j\opentest4j\1.1.1\opentest4j-1.1.1.jar;D:\work\repository\org\junit\platform\junit-platform-commons\1.3.2\junit-platform-commons-1.3.2.jar;D:\work\repository\net\sf\json-lib\json-lib\2.4\json-lib-2.4-jdk15.jar;D:\work\repository\commons-beanutils\commons-beanutils\1.8.0\commons-beanutils-1.8.0.jar;D:\work\repository\commons-collections\commons-collections\3.2.1\commons-collections-3.2.1.jar;D:\work\repository\commons-lang\commons-lang\2.5\commons-lang-2.5.jar;D:\work\repository\commons-logging\commons-logging\1.1.1\commons-logging-1.1.1.jar;D:\work\repository\net\sf\ezmorph\ezmorph\1.0.6\ezmorph-1.0.6.jar;D:\work\repository\cn\jpush\api\jpush-client\3.3.7\jpush-client-3.3.7.jar;D:\work\repository\cn\jpush\api\jiguang-common\1.1.1\jiguang-common-1.1.1.jar;D:\work\repository\org\apache\httpcomponents\httpclient\4.5.7\httpclient-4.5.7.jar;D:\work\repository\commons-codec\commons-codec\1.11\commons-codec-1.11.jar;D:\work\repository\io\netty\netty-all\4.1.33.Final\netty-all-4.1.33.Final.jar;D:\work\repository\com\google\code\gson\gson\2.8.5\gson-2.8.5.jar;D:\work\repository\com\aliyun\oss\aliyun-sdk-oss\2.8.2\aliyun-sdk-oss-2.8.2.jar;D:\work\repository\org\jdom\jdom\1.1\jdom-1.1.jar;D:\work\repository\org\apache\shiro\shiro-core\1.4.0\shiro-core-1.4.0.jar;D:\work\repository\org\apache\shiro\shiro-lang\1.4.0\shiro-lang-1.4.0.jar;D:\work\repository\org\apache\shiro\shiro-cache\1.4.0\shiro-cache-1.4.0.jar;D:\work\repository\org\apache\shiro\shiro-crypto-hash\1.4.0\shiro-crypto-hash-1.4.0.jar;D:\work\repository\org\apache\shiro\shiro-crypto-core\1.4.0\shiro-crypto-core-1.4.0.jar;D:\work\repository\org\apache\shiro\shiro-crypto-cipher\1.4.0\shiro-crypto-cipher-1.4.0.jar;D:\work\repository\org\apache\shiro\shiro-config-core\1.4.0\shiro-config-core-1.4.0.jar;D:\work\repository\org\apache\shiro\shiro-config-ogdl\1.4.0\shiro-config-ogdl-1.4.0.jar;D:\work\repository\org\apache\shiro\shiro-event\1.4.0\shiro-event-1.4.0.jar;D:\work\repository\org\springframework\boot\spring-boot-starter-test\2.1.3.RELEASE\spring-boot-starter-test-2.1.3.RELEASE.jar;D:\work\repository\org\springframework\boot\spring-boot-starter\2.1.3.RELEASE\spring-boot-starter-2.1.3.RELEASE.jar;D:\work\repository\org\springframework\boot\spring-boot\2.1.3.RELEASE\spring-boot-2.1.3.RELEASE.jar;D:\work\repository\org\springframework\boot\spring-boot-autoconfigure\2.1.3.RELEASE\spring-boot-autoconfigure-2.1.3.RELEASE.jar;D:\work\repository\org\springframework\boot\spring-boot-starter-logging\2.1.3.RELEASE\spring-boot-starter-logging-2.1.3.RELEASE.jar;D:\work\repository\ch\qos\logback\logback-classic\1.2.3\logback-classic-1.2.3.jar;D:\work\repository\ch\qos\logback\logback-core\1.2.3\logback-core-1.2.3.jar;D:\work\repository\org\apache\logging\log4j\log4j-to-slf4j\2.11.2\log4j-to-slf4j-2.11.2.jar;D:\work\repository\org\apache\logging\log4j\log4j-api\2.11.2\log4j-api-2.11.2.jar;D:\work\repository\org\slf4j\jul-to-slf4j\1.7.25\jul-to-slf4j-1.7.25.jar;D:\work\repository\javax\annotation\javax.annotation-api\1.3.2\javax.annotation-api-1.3.2.jar;D:\work\repository\org\springframework\boot\spring-boot-test\2.1.3.RELEASE\spring-boot-test-2.1.3.RELEASE.jar;D:\work\repository\org\springframework\boot\spring-boot-test-autoconfigure\2.1.3.RELEASE\spring-boot-test-autoconfigure-2.1.3.RELEASE.jar;D:\work\repository\com\jayway\jsonpath\json-path\2.4.0\json-path-2.4.0.jar;D:\work\repository\net\minidev\json-smart\2.3\json-smart-2.3.jar;D:\work\repository\net\minidev\accessors-smart\1.2\accessors-smart-1.2.jar;D:\work\repository\org\ow2\asm\asm\5.0.4\asm-5.0.4.jar;D:\work\repository\org\assertj\assertj-core\3.11.1\assertj-core-3.11.1.jar;D:\work\repository\org\mockito\mockito-core\2.23.4\mockito-core-2.23.4.jar;D:\work\repository\net\bytebuddy\byte-buddy\1.9.10\byte-buddy-1.9.10.jar;D:\work\repository\net\bytebuddy\byte-buddy-agent\1.9.10\byte-buddy-agent-1.9.10.jar;D:\work\repository\org\objenesis\objenesis\2.6\objenesis-2.6.jar;D:\work\repository\org\hamcrest\hamcrest-core\1.3\hamcrest-core-1.3.jar;D:\work\repository\org\hamcrest\hamcrest-library\1.3\hamcrest-library-1.3.jar;D:\work\repository\org\skyscreamer\jsonassert\1.5.0\jsonassert-1.5.0.jar;D:\work\repository\com\vaadin\external\google\android-json\0.0.20131108.vaadin1\android-json-0.0.20131108.vaadin1.jar;D:\work\repository\org\springframework\spring-core\5.1.5.RELEASE\spring-core-5.1.5.RELEASE.jar;D:\work\repository\org\springframework\spring-jcl\5.1.5.RELEASE\spring-jcl-5.1.5.RELEASE.jar;D:\work\repository\org\springframework\spring-test\5.1.5.RELEASE\spring-test-5.1.5.RELEASE.jar;D:\work\repository\org\xmlunit\xmlunit-core\2.6.2\xmlunit-core-2.6.2.jar;D:\work\repository\junit\junit\4.12\junit-4.12.jar;D:\work\repository\org\hibernate\hibernate-core\5.0.11.Final\hibernate-core-5.0.11.Final.jar;D:\work\repository\org\jboss\logging\jboss-logging\3.3.2.Final\jboss-logging-3.3.2.Final.jar;D:\work\repository\org\hibernate\javax\persistence\hibernate-jpa-2.1-api\1.0.0.Final\hibernate-jpa-2.1-api-1.0.0.Final.jar;D:\work\repository\org\javassist\javassist\3.18.1-GA\javassist-3.18.1-GA.jar;D:\work\repository\antlr\antlr\2.7.7\antlr-2.7.7.jar;D:\work\repository\org\apache\geronimo\specs\geronimo-jta_1.1_spec\1.1.1\geronimo-jta_1.1_spec-1.1.1.jar;D:\work\repository\org\jboss\jandex\2.0.0.Final\jandex-2.0.0.Final.jar;D:\work\repository\dom4j\dom4j\1.6.1\dom4j-1.6.1.jar;D:\work\repository\org\hibernate\common\hibernate-commons-annotations\5.0.1.Final\hibernate-commons-annotations-5.0.1.Final.jar;D:\work\repository\net\sourceforge\jexcelapi\jxl\2.6.12\jxl-2.6.12.jar;D:\work\repository\log4j\log4j\1.2.14\log4j-1.2.14.jar;D:\work\repository\com\belerweb\pinyin4j\2.5.0\pinyin4j-2.5.0.jar;D:\work\repository\org\springframework\boot\spring-boot-starter-web\2.1.3.RELEASE\spring-boot-starter-web-2.1.3.RELEASE.jar;D:\work\repository\org\springframework\boot\spring-boot-starter-json\2.1.3.RELEASE\spring-boot-starter-json-2.1.3.RELEASE.jar;D:\work\repository\com\fasterxml\jackson\datatype\jackson-datatype-jdk8\2.9.8\jackson-datatype-jdk8-2.9.8.jar;D:\work\repository\com\fasterxml\jackson\datatype\jackson-datatype-jsr310\2.9.8\jackson-datatype-jsr310-2.9.8.jar;D:\work\repository\com\fasterxml\jackson\module\jackson-module-parameter-names\2.9.8\jackson-module-parameter-names-2.9.8.jar;D:\work\repository\org\springframework\boot\spring-boot-starter-tomcat\2.1.3.RELEASE\spring-boot-starter-tomcat-2.1.3.RELEASE.jar;D:\work\repository\org\apache\tomcat\embed\tomcat-embed-core\9.0.16\tomcat-embed-core-9.0.16.jar;D:\work\repository\org\apache\tomcat\embed\tomcat-embed-el\9.0.16\tomcat-embed-el-9.0.16.jar;D:\work\repository\org\apache\tomcat\embed\tomcat-embed-websocket\9.0.16\tomcat-embed-websocket-9.0.16.jar;D:\work\repository\org\hibernate\validator\hibernate-validator\6.0.14.Final\hibernate-validator-6.0.14.Final.jar;D:\work\repository\javax\validation\validation-api\2.0.1.Final\validation-api-2.0.1.Final.jar;D:\work\repository\org\springframework\spring-web\5.1.5.RELEASE\spring-web-5.1.5.RELEASE.jar;D:\work\repository\org\springframework\spring-beans\5.1.5.RELEASE\spring-beans-5.1.5.RELEASE.jar;D:\work\repository\org\springframework\spring-webmvc\5.1.5.RELEASE\spring-webmvc-5.1.5.RELEASE.jar;D:\work\repository\org\springframework\spring-expression\5.1.5.RELEASE\spring-expression-5.1.5.RELEASE.jar;D:\work\repository\org\springframework\boot\spring-boot-starter-data-jpa\2.1.3.RELEASE\spring-boot-starter-data-jpa-2.1.3.RELEASE.jar;D:\work\repository\org\springframework\boot\spring-boot-starter-jdbc\2.1.3.RELEASE\spring-boot-starter-jdbc-2.1.3.RELEASE.jar;D:\work\repository\org\springframework\spring-jdbc\5.1.5.RELEASE\spring-jdbc-5.1.5.RELEASE.jar;D:\work\repository\javax\transaction\javax.transaction-api\1.3\javax.transaction-api-1.3.jar;D:\work\repository\javax\xml\bind\jaxb-api\2.3.1\jaxb-api-2.3.1.jar;D:\work\repository\javax\activation\javax.activation-api\1.2.0\javax.activation-api-1.2.0.jar;D:\work\repository\org\springframework\data\spring-data-jpa\2.1.5.RELEASE\spring-data-jpa-2.1.5.RELEASE.jar;D:\work\repository\org\springframework\spring-orm\5.1.5.RELEASE\spring-orm-5.1.5.RELEASE.jar;D:\work\repository\org\springframework\spring-aspects\5.1.5.RELEASE\spring-aspects-5.1.5.RELEASE.jar;D:\work\repository\org\springframework\boot\spring-boot-starter-aop\2.1.3.RELEASE\spring-boot-starter-aop-2.1.3.RELEASE.jar;D:\work\repository\org\springframework\spring-aop\5.1.5.RELEASE\spring-aop-5.1.5.RELEASE.jar;D:\work\repository\org\aspectj\aspectjweaver\1.9.2\aspectjweaver-1.9.2.jar;D:\work\repository\mysql\mysql-connector-java\8.0.15\mysql-connector-java-8.0.15.jar;D:\work\repository\com\zaxxer\HikariCP\2.6.1\HikariCP-2.6.1.jar;D:\work\repository\org\slf4j\slf4j-api\1.7.25\slf4j-api-1.7.25.jar;D:\work\repository\org\springframework\boot\spring-boot-starter-cache\2.1.3.RELEASE\spring-boot-starter-cache-2.1.3.RELEASE.jar;D:\work\repository\org\springframework\spring-context-support\5.1.5.RELEASE\spring-context-support-5.1.5.RELEASE.jar;D:\work\repository\org\yaml\snakeyaml\1.23\snakeyaml-1.23.jar;D:\work\repository\org\springframework\boot\spring-boot-starter-data-redis\2.1.3.RELEASE\spring-boot-starter-data-redis-2.1.3.RELEASE.jar;D:\work\repository\org\springframework\data\spring-data-redis\2.1.5.RELEASE\spring-data-redis-2.1.5.RELEASE.jar;D:\work\repository\org\springframework\data\spring-data-keyvalue\2.1.5.RELEASE\spring-data-keyvalue-2.1.5.RELEASE.jar;D:\work\repository\org\springframework\spring-oxm\5.1.5.RELEASE\spring-oxm-5.1.5.RELEASE.jar;D:\work\repository\io\lettuce\lettuce-core\5.1.4.RELEASE\lettuce-core-5.1.4.RELEASE.jar;D:\work\repository\io\netty\netty-common\4.1.33.Final\netty-common-4.1.33.Final.jar;D:\work\repository\io\netty\netty-handler\4.1.33.Final\netty-handler-4.1.33.Final.jar;D:\work\repository\io\netty\netty-buffer\4.1.33.Final\netty-buffer-4.1.33.Final.jar;D:\work\repository\io\netty\netty-codec\4.1.33.Final\netty-codec-4.1.33.Final.jar;D:\work\repository\io\netty\netty-transport\4.1.33.Final\netty-transport-4.1.33.Final.jar;D:\work\repository\io\netty\netty-resolver\4.1.33.Final\netty-resolver-4.1.33.Final.jar;D:\work\repository\io\projectreactor\reactor-core\3.2.6.RELEASE\reactor-core-3.2.6.RELEASE.jar;D:\work\repository\org\reactivestreams\reactive-streams\1.0.2\reactive-streams-1.0.2.jar;D:\work\repository\org\mybatis\spring\boot\mybatis-spring-boot-starter\1.2.0\mybatis-spring-boot-starter-1.2.0.jar;D:\work\repository\org\mybatis\spring\boot\mybatis-spring-boot-autoconfigure\1.2.0\mybatis-spring-boot-autoconfigure-1.2.0.jar;D:\work\repository\org\mybatis\mybatis\3.4.2\mybatis-3.4.2.jar;D:\work\repository\org\mybatis\mybatis-spring\1.3.1\mybatis-spring-1.3.1.jar;D:\work\repository\org\projectlombok\lombok\1.16.10\lombok-1.16.10.jar;D:\work\repository\io\springfox\springfox-swagger2\2.6.1\springfox-swagger2-2.6.1.jar;D:\work\repository\io\swagger\swagger-annotations\1.5.10\swagger-annotations-1.5.10.jar;D:\work\repository\io\swagger\swagger-models\1.5.10\swagger-models-1.5.10.jar;D:\work\repository\com\fasterxml\jackson\core\jackson-annotations\2.9.0\jackson-annotations-2.9.0.jar;D:\work\repository\io\springfox\springfox-spi\2.6.1\springfox-spi-2.6.1.jar;D:\work\repository\io\springfox\springfox-core\2.6.1\springfox-core-2.6.1.jar;D:\work\repository\io\springfox\springfox-schema\2.6.1\springfox-schema-2.6.1.jar;D:\work\repository\io\springfox\springfox-swagger-common\2.6.1\springfox-swagger-common-2.6.1.jar;D:\work\repository\io\springfox\springfox-spring-web\2.6.1\springfox-spring-web-2.6.1.jar;D:\work\repository\com\google\guava\guava\18.0\guava-18.0.jar;D:\work\repository\com\fasterxml\classmate\1.4.0\classmate-1.4.0.jar;D:\work\repository\org\springframework\plugin\spring-plugin-core\1.2.0.RELEASE\spring-plugin-core-1.2.0.RELEASE.jar;D:\work\repository\org\springframework\plugin\spring-plugin-metadata\1.2.0.RELEASE\spring-plugin-metadata-1.2.0.RELEASE.jar;D:\work\repository\org\mapstruct\mapstruct\1.0.0.Final\mapstruct-1.0.0.Final.jar;D:\work\repository\io\springfox\springfox-swagger-ui\2.6.1\springfox-swagger-ui-2.6.1.jar;D:\work\repository\org\springframework\data\spring-data-solr\4.0.5.RELEASE\spring-data-solr-4.0.5.RELEASE.jar;D:\work\repository\org\springframework\spring-context\5.1.5.RELEASE\spring-context-5.1.5.RELEASE.jar;D:\work\repository\org\springframework\spring-tx\5.1.5.RELEASE\spring-tx-5.1.5.RELEASE.jar;D:\work\repository\org\springframework\data\spring-data-commons\2.1.5.RELEASE\spring-data-commons-2.1.5.RELEASE.jar;D:\work\repository\org\apache\commons\commons-lang3\3.8.1\commons-lang3-3.8.1.jar;D:\work\repository\org\apache\solr\solr-solrj\7.4.0\solr-solrj-7.4.0.jar;D:\work\repository\commons-io\commons-io\2.5\commons-io-2.5.jar;D:\work\repository\org\apache\commons\commons-math3\3.6.1\commons-math3-3.6.1.jar;D:\work\repository\org\apache\httpcomponents\httpcore\4.4.11\httpcore-4.4.11.jar;D:\work\repository\org\apache\httpcomponents\httpmime\4.5.7\httpmime-4.5.7.jar;D:\work\repository\org\apache\zookeeper\zookeeper\3.4.11\zookeeper-3.4.11.jar;D:\work\repository\org\noggit\noggit\0.8\noggit-0.8.jar;D:\work\repository\com\fasterxml\jackson\core\jackson-databind\2.9.8\jackson-databind-2.9.8.jar;D:\work\repository\com\fasterxml\jackson\core\jackson-core\2.9.8\jackson-core-2.9.8.jar;"/>
    <property name="java.vm.vendor" value="Oracle Corporation"/>
    <property name="sun.arch.data.model" value="64"/>
    <property name="user.variant" value=""/>
    <property name="java.vendor.url" value="http://java.oracle.com/"/>
    <property name="user.timezone" value="Asia/Shanghai"/>
    <property name="java.vm.specification.version" value="1.8"/>
    <property name="os.name" value="Windows 10"/>
    <property name="user.country" value="CN"/>
    <property name="sun.java.launcher" value="SUN_STANDARD"/>
    <property name="sun.boot.library.path" value="D:\Java\jdk1.8.0_201\jre\bin"/>
    <property name="sun.java.command" value="C:\Users\lyf\AppData\Local\Temp\surefire1789531806791149390\surefirebooter7998512261104510163.jar C:\Users\lyf\AppData\Local\Temp\surefire1789531806791149390 2019-05-16T18-48-14_310-jvmRun1 surefire7237038607759012221tmp surefire_08032151864652826684tmp"/>
    <property name="surefire.test.class.path" value="D:\work\zjh_workspace\gateway\southintel-zaokin-app\target\test-classes;D:\work\zjh_workspace\gateway\southintel-zaokin-app\target\classes;D:\work\zjh_workspace\gateway\southintel-zaokin-base\target\zaokin-gateway.jar;D:\work\repository\org\junit\jupiter\junit-jupiter-api\5.3.2\junit-jupiter-api-5.3.2.jar;D:\work\repository\org\apiguardian\apiguardian-api\1.0.0\apiguardian-api-1.0.0.jar;D:\work\repository\org\opentest4j\opentest4j\1.1.1\opentest4j-1.1.1.jar;D:\work\repository\org\junit\platform\junit-platform-commons\1.3.2\junit-platform-commons-1.3.2.jar;D:\work\repository\net\sf\json-lib\json-lib\2.4\json-lib-2.4-jdk15.jar;D:\work\repository\commons-beanutils\commons-beanutils\1.8.0\commons-beanutils-1.8.0.jar;D:\work\repository\commons-collections\commons-collections\3.2.1\commons-collections-3.2.1.jar;D:\work\repository\commons-lang\commons-lang\2.5\commons-lang-2.5.jar;D:\work\repository\commons-logging\commons-logging\1.1.1\commons-logging-1.1.1.jar;D:\work\repository\net\sf\ezmorph\ezmorph\1.0.6\ezmorph-1.0.6.jar;D:\work\repository\cn\jpush\api\jpush-client\3.3.7\jpush-client-3.3.7.jar;D:\work\repository\cn\jpush\api\jiguang-common\1.1.1\jiguang-common-1.1.1.jar;D:\work\repository\org\apache\httpcomponents\httpclient\4.5.7\httpclient-4.5.7.jar;D:\work\repository\commons-codec\commons-codec\1.11\commons-codec-1.11.jar;D:\work\repository\io\netty\netty-all\4.1.33.Final\netty-all-4.1.33.Final.jar;D:\work\repository\com\google\code\gson\gson\2.8.5\gson-2.8.5.jar;D:\work\repository\com\aliyun\oss\aliyun-sdk-oss\2.8.2\aliyun-sdk-oss-2.8.2.jar;D:\work\repository\org\jdom\jdom\1.1\jdom-1.1.jar;D:\work\repository\org\apache\shiro\shiro-core\1.4.0\shiro-core-1.4.0.jar;D:\work\repository\org\apache\shiro\shiro-lang\1.4.0\shiro-lang-1.4.0.jar;D:\work\repository\org\apache\shiro\shiro-cache\1.4.0\shiro-cache-1.4.0.jar;D:\work\repository\org\apache\shiro\shiro-crypto-hash\1.4.0\shiro-crypto-hash-1.4.0.jar;D:\work\repository\org\apache\shiro\shiro-crypto-core\1.4.0\shiro-crypto-core-1.4.0.jar;D:\work\repository\org\apache\shiro\shiro-crypto-cipher\1.4.0\shiro-crypto-cipher-1.4.0.jar;D:\work\repository\org\apache\shiro\shiro-config-core\1.4.0\shiro-config-core-1.4.0.jar;D:\work\repository\org\apache\shiro\shiro-config-ogdl\1.4.0\shiro-config-ogdl-1.4.0.jar;D:\work\repository\org\apache\shiro\shiro-event\1.4.0\shiro-event-1.4.0.jar;D:\work\repository\org\springframework\boot\spring-boot-starter-test\2.1.3.RELEASE\spring-boot-starter-test-2.1.3.RELEASE.jar;D:\work\repository\org\springframework\boot\spring-boot-starter\2.1.3.RELEASE\spring-boot-starter-2.1.3.RELEASE.jar;D:\work\repository\org\springframework\boot\spring-boot\2.1.3.RELEASE\spring-boot-2.1.3.RELEASE.jar;D:\work\repository\org\springframework\boot\spring-boot-autoconfigure\2.1.3.RELEASE\spring-boot-autoconfigure-2.1.3.RELEASE.jar;D:\work\repository\org\springframework\boot\spring-boot-starter-logging\2.1.3.RELEASE\spring-boot-starter-logging-2.1.3.RELEASE.jar;D:\work\repository\ch\qos\logback\logback-classic\1.2.3\logback-classic-1.2.3.jar;D:\work\repository\ch\qos\logback\logback-core\1.2.3\logback-core-1.2.3.jar;D:\work\repository\org\apache\logging\log4j\log4j-to-slf4j\2.11.2\log4j-to-slf4j-2.11.2.jar;D:\work\repository\org\apache\logging\log4j\log4j-api\2.11.2\log4j-api-2.11.2.jar;D:\work\repository\org\slf4j\jul-to-slf4j\1.7.25\jul-to-slf4j-1.7.25.jar;D:\work\repository\javax\annotation\javax.annotation-api\1.3.2\javax.annotation-api-1.3.2.jar;D:\work\repository\org\springframework\boot\spring-boot-test\2.1.3.RELEASE\spring-boot-test-2.1.3.RELEASE.jar;D:\work\repository\org\springframework\boot\spring-boot-test-autoconfigure\2.1.3.RELEASE\spring-boot-test-autoconfigure-2.1.3.RELEASE.jar;D:\work\repository\com\jayway\jsonpath\json-path\2.4.0\json-path-2.4.0.jar;D:\work\repository\net\minidev\json-smart\2.3\json-smart-2.3.jar;D:\work\repository\net\minidev\accessors-smart\1.2\accessors-smart-1.2.jar;D:\work\repository\org\ow2\asm\asm\5.0.4\asm-5.0.4.jar;D:\work\repository\org\assertj\assertj-core\3.11.1\assertj-core-3.11.1.jar;D:\work\repository\org\mockito\mockito-core\2.23.4\mockito-core-2.23.4.jar;D:\work\repository\net\bytebuddy\byte-buddy\1.9.10\byte-buddy-1.9.10.jar;D:\work\repository\net\bytebuddy\byte-buddy-agent\1.9.10\byte-buddy-agent-1.9.10.jar;D:\work\repository\org\objenesis\objenesis\2.6\objenesis-2.6.jar;D:\work\repository\org\hamcrest\hamcrest-core\1.3\hamcrest-core-1.3.jar;D:\work\repository\org\hamcrest\hamcrest-library\1.3\hamcrest-library-1.3.jar;D:\work\repository\org\skyscreamer\jsonassert\1.5.0\jsonassert-1.5.0.jar;D:\work\repository\com\vaadin\external\google\android-json\0.0.20131108.vaadin1\android-json-0.0.20131108.vaadin1.jar;D:\work\repository\org\springframework\spring-core\5.1.5.RELEASE\spring-core-5.1.5.RELEASE.jar;D:\work\repository\org\springframework\spring-jcl\5.1.5.RELEASE\spring-jcl-5.1.5.RELEASE.jar;D:\work\repository\org\springframework\spring-test\5.1.5.RELEASE\spring-test-5.1.5.RELEASE.jar;D:\work\repository\org\xmlunit\xmlunit-core\2.6.2\xmlunit-core-2.6.2.jar;D:\work\repository\junit\junit\4.12\junit-4.12.jar;D:\work\repository\org\hibernate\hibernate-core\5.0.11.Final\hibernate-core-5.0.11.Final.jar;D:\work\repository\org\jboss\logging\jboss-logging\3.3.2.Final\jboss-logging-3.3.2.Final.jar;D:\work\repository\org\hibernate\javax\persistence\hibernate-jpa-2.1-api\1.0.0.Final\hibernate-jpa-2.1-api-1.0.0.Final.jar;D:\work\repository\org\javassist\javassist\3.18.1-GA\javassist-3.18.1-GA.jar;D:\work\repository\antlr\antlr\2.7.7\antlr-2.7.7.jar;D:\work\repository\org\apache\geronimo\specs\geronimo-jta_1.1_spec\1.1.1\geronimo-jta_1.1_spec-1.1.1.jar;D:\work\repository\org\jboss\jandex\2.0.0.Final\jandex-2.0.0.Final.jar;D:\work\repository\dom4j\dom4j\1.6.1\dom4j-1.6.1.jar;D:\work\repository\org\hibernate\common\hibernate-commons-annotations\5.0.1.Final\hibernate-commons-annotations-5.0.1.Final.jar;D:\work\repository\net\sourceforge\jexcelapi\jxl\2.6.12\jxl-2.6.12.jar;D:\work\repository\log4j\log4j\1.2.14\log4j-1.2.14.jar;D:\work\repository\com\belerweb\pinyin4j\2.5.0\pinyin4j-2.5.0.jar;D:\work\repository\org\springframework\boot\spring-boot-starter-web\2.1.3.RELEASE\spring-boot-starter-web-2.1.3.RELEASE.jar;D:\work\repository\org\springframework\boot\spring-boot-starter-json\2.1.3.RELEASE\spring-boot-starter-json-2.1.3.RELEASE.jar;D:\work\repository\com\fasterxml\jackson\datatype\jackson-datatype-jdk8\2.9.8\jackson-datatype-jdk8-2.9.8.jar;D:\work\repository\com\fasterxml\jackson\datatype\jackson-datatype-jsr310\2.9.8\jackson-datatype-jsr310-2.9.8.jar;D:\work\repository\com\fasterxml\jackson\module\jackson-module-parameter-names\2.9.8\jackson-module-parameter-names-2.9.8.jar;D:\work\repository\org\springframework\boot\spring-boot-starter-tomcat\2.1.3.RELEASE\spring-boot-starter-tomcat-2.1.3.RELEASE.jar;D:\work\repository\org\apache\tomcat\embed\tomcat-embed-core\9.0.16\tomcat-embed-core-9.0.16.jar;D:\work\repository\org\apache\tomcat\embed\tomcat-embed-el\9.0.16\tomcat-embed-el-9.0.16.jar;D:\work\repository\org\apache\tomcat\embed\tomcat-embed-websocket\9.0.16\tomcat-embed-websocket-9.0.16.jar;D:\work\repository\org\hibernate\validator\hibernate-validator\6.0.14.Final\hibernate-validator-6.0.14.Final.jar;D:\work\repository\javax\validation\validation-api\2.0.1.Final\validation-api-2.0.1.Final.jar;D:\work\repository\org\springframework\spring-web\5.1.5.RELEASE\spring-web-5.1.5.RELEASE.jar;D:\work\repository\org\springframework\spring-beans\5.1.5.RELEASE\spring-beans-5.1.5.RELEASE.jar;D:\work\repository\org\springframework\spring-webmvc\5.1.5.RELEASE\spring-webmvc-5.1.5.RELEASE.jar;D:\work\repository\org\springframework\spring-expression\5.1.5.RELEASE\spring-expression-5.1.5.RELEASE.jar;D:\work\repository\org\springframework\boot\spring-boot-starter-data-jpa\2.1.3.RELEASE\spring-boot-starter-data-jpa-2.1.3.RELEASE.jar;D:\work\repository\org\springframework\boot\spring-boot-starter-jdbc\2.1.3.RELEASE\spring-boot-starter-jdbc-2.1.3.RELEASE.jar;D:\work\repository\org\springframework\spring-jdbc\5.1.5.RELEASE\spring-jdbc-5.1.5.RELEASE.jar;D:\work\repository\javax\transaction\javax.transaction-api\1.3\javax.transaction-api-1.3.jar;D:\work\repository\javax\xml\bind\jaxb-api\2.3.1\jaxb-api-2.3.1.jar;D:\work\repository\javax\activation\javax.activation-api\1.2.0\javax.activation-api-1.2.0.jar;D:\work\repository\org\springframework\data\spring-data-jpa\2.1.5.RELEASE\spring-data-jpa-2.1.5.RELEASE.jar;D:\work\repository\org\springframework\spring-orm\5.1.5.RELEASE\spring-orm-5.1.5.RELEASE.jar;D:\work\repository\org\springframework\spring-aspects\5.1.5.RELEASE\spring-aspects-5.1.5.RELEASE.jar;D:\work\repository\org\springframework\boot\spring-boot-starter-aop\2.1.3.RELEASE\spring-boot-starter-aop-2.1.3.RELEASE.jar;D:\work\repository\org\springframework\spring-aop\5.1.5.RELEASE\spring-aop-5.1.5.RELEASE.jar;D:\work\repository\org\aspectj\aspectjweaver\1.9.2\aspectjweaver-1.9.2.jar;D:\work\repository\mysql\mysql-connector-java\8.0.15\mysql-connector-java-8.0.15.jar;D:\work\repository\com\zaxxer\HikariCP\2.6.1\HikariCP-2.6.1.jar;D:\work\repository\org\slf4j\slf4j-api\1.7.25\slf4j-api-1.7.25.jar;D:\work\repository\org\springframework\boot\spring-boot-starter-cache\2.1.3.RELEASE\spring-boot-starter-cache-2.1.3.RELEASE.jar;D:\work\repository\org\springframework\spring-context-support\5.1.5.RELEASE\spring-context-support-5.1.5.RELEASE.jar;D:\work\repository\org\yaml\snakeyaml\1.23\snakeyaml-1.23.jar;D:\work\repository\org\springframework\boot\spring-boot-starter-data-redis\2.1.3.RELEASE\spring-boot-starter-data-redis-2.1.3.RELEASE.jar;D:\work\repository\org\springframework\data\spring-data-redis\2.1.5.RELEASE\spring-data-redis-2.1.5.RELEASE.jar;D:\work\repository\org\springframework\data\spring-data-keyvalue\2.1.5.RELEASE\spring-data-keyvalue-2.1.5.RELEASE.jar;D:\work\repository\org\springframework\spring-oxm\5.1.5.RELEASE\spring-oxm-5.1.5.RELEASE.jar;D:\work\repository\io\lettuce\lettuce-core\5.1.4.RELEASE\lettuce-core-5.1.4.RELEASE.jar;D:\work\repository\io\netty\netty-common\4.1.33.Final\netty-common-4.1.33.Final.jar;D:\work\repository\io\netty\netty-handler\4.1.33.Final\netty-handler-4.1.33.Final.jar;D:\work\repository\io\netty\netty-buffer\4.1.33.Final\netty-buffer-4.1.33.Final.jar;D:\work\repository\io\netty\netty-codec\4.1.33.Final\netty-codec-4.1.33.Final.jar;D:\work\repository\io\netty\netty-transport\4.1.33.Final\netty-transport-4.1.33.Final.jar;D:\work\repository\io\netty\netty-resolver\4.1.33.Final\netty-resolver-4.1.33.Final.jar;D:\work\repository\io\projectreactor\reactor-core\3.2.6.RELEASE\reactor-core-3.2.6.RELEASE.jar;D:\work\repository\org\reactivestreams\reactive-streams\1.0.2\reactive-streams-1.0.2.jar;D:\work\repository\org\mybatis\spring\boot\mybatis-spring-boot-starter\1.2.0\mybatis-spring-boot-starter-1.2.0.jar;D:\work\repository\org\mybatis\spring\boot\mybatis-spring-boot-autoconfigure\1.2.0\mybatis-spring-boot-autoconfigure-1.2.0.jar;D:\work\repository\org\mybatis\mybatis\3.4.2\mybatis-3.4.2.jar;D:\work\repository\org\mybatis\mybatis-spring\1.3.1\mybatis-spring-1.3.1.jar;D:\work\repository\org\projectlombok\lombok\1.16.10\lombok-1.16.10.jar;D:\work\repository\io\springfox\springfox-swagger2\2.6.1\springfox-swagger2-2.6.1.jar;D:\work\repository\io\swagger\swagger-annotations\1.5.10\swagger-annotations-1.5.10.jar;D:\work\repository\io\swagger\swagger-models\1.5.10\swagger-models-1.5.10.jar;D:\work\repository\com\fasterxml\jackson\core\jackson-annotations\2.9.0\jackson-annotations-2.9.0.jar;D:\work\repository\io\springfox\springfox-spi\2.6.1\springfox-spi-2.6.1.jar;D:\work\repository\io\springfox\springfox-core\2.6.1\springfox-core-2.6.1.jar;D:\work\repository\io\springfox\springfox-schema\2.6.1\springfox-schema-2.6.1.jar;D:\work\repository\io\springfox\springfox-swagger-common\2.6.1\springfox-swagger-common-2.6.1.jar;D:\work\repository\io\springfox\springfox-spring-web\2.6.1\springfox-spring-web-2.6.1.jar;D:\work\repository\com\google\guava\guava\18.0\guava-18.0.jar;D:\work\repository\com\fasterxml\classmate\1.4.0\classmate-1.4.0.jar;D:\work\repository\org\springframework\plugin\spring-plugin-core\1.2.0.RELEASE\spring-plugin-core-1.2.0.RELEASE.jar;D:\work\repository\org\springframework\plugin\spring-plugin-metadata\1.2.0.RELEASE\spring-plugin-metadata-1.2.0.RELEASE.jar;D:\work\repository\org\mapstruct\mapstruct\1.0.0.Final\mapstruct-1.0.0.Final.jar;D:\work\repository\io\springfox\springfox-swagger-ui\2.6.1\springfox-swagger-ui-2.6.1.jar;D:\work\repository\org\springframework\data\spring-data-solr\4.0.5.RELEASE\spring-data-solr-4.0.5.RELEASE.jar;D:\work\repository\org\springframework\spring-context\5.1.5.RELEASE\spring-context-5.1.5.RELEASE.jar;D:\work\repository\org\springframework\spring-tx\5.1.5.RELEASE\spring-tx-5.1.5.RELEASE.jar;D:\work\repository\org\springframework\data\spring-data-commons\2.1.5.RELEASE\spring-data-commons-2.1.5.RELEASE.jar;D:\work\repository\org\apache\commons\commons-lang3\3.8.1\commons-lang3-3.8.1.jar;D:\work\repository\org\apache\solr\solr-solrj\7.4.0\solr-solrj-7.4.0.jar;D:\work\repository\commons-io\commons-io\2.5\commons-io-2.5.jar;D:\work\repository\org\apache\commons\commons-math3\3.6.1\commons-math3-3.6.1.jar;D:\work\repository\org\apache\httpcomponents\httpcore\4.4.11\httpcore-4.4.11.jar;D:\work\repository\org\apache\httpcomponents\httpmime\4.5.7\httpmime-4.5.7.jar;D:\work\repository\org\apache\zookeeper\zookeeper\3.4.11\zookeeper-3.4.11.jar;D:\work\repository\org\noggit\noggit\0.8\noggit-0.8.jar;D:\work\repository\com\fasterxml\jackson\core\jackson-databind\2.9.8\jackson-databind-2.9.8.jar;D:\work\repository\com\fasterxml\jackson\core\jackson-core\2.9.8\jackson-core-2.9.8.jar;"/>
    <property name="sun.cpu.endian" value="little"/>
    <property name="user.home" value="C:\Users\lyf"/>
    <property name="user.language" value="zh"/>
    <property name="java.specification.vendor" value="Oracle Corporation"/>
    <property name="java.home" value="D:\Java\jdk1.8.0_201\jre"/>
    <property name="basedir" value="D:\work\zjh_workspace\gateway\southintel-zaokin-app"/>
    <property name="file.separator" value="\"/>
    <property name="line.separator" value="&#10;"/>
    <property name="java.vm.specification.vendor" value="Oracle Corporation"/>
    <property name="java.specification.name" value="Java Platform API Specification"/>
    <property name="java.awt.graphicsenv" value="sun.awt.Win32GraphicsEnvironment"/>
    <property name="surefire.real.class.path" value="C:\Users\lyf\AppData\Local\Temp\surefire1789531806791149390\surefirebooter7998512261104510163.jar"/>
    <property name="sun.boot.class.path" value="D:\Java\jdk1.8.0_201\jre\lib\resources.jar;D:\Java\jdk1.8.0_201\jre\lib\rt.jar;D:\Java\jdk1.8.0_201\jre\lib\sunrsasign.jar;D:\Java\jdk1.8.0_201\jre\lib\jsse.jar;D:\Java\jdk1.8.0_201\jre\lib\jce.jar;D:\Java\jdk1.8.0_201\jre\lib\charsets.jar;D:\Java\jdk1.8.0_201\jre\lib\jfr.jar;D:\Java\jdk1.8.0_201\jre\classes"/>
    <property name="user.script" value=""/>
    <property name="sun.management.compiler" value="HotSpot 64-Bit Tiered Compilers"/>
    <property name="java.runtime.version" value="1.8.0_201-b09"/>
    <property name="user.name" value="lyf"/>
    <property name="path.separator" value=";"/>
    <property name="os.version" value="10.0"/>
    <property name="java.endorsed.dirs" value="D:\Java\jdk1.8.0_201\jre\lib\endorsed"/>
    <property name="java.runtime.name" value="Java(TM) SE Runtime Environment"/>
    <property name="file.encoding" value="GBK"/>
    <property name="java.vm.name" value="Java HotSpot(TM) 64-Bit Server VM"/>
    <property name="localRepository" value="D:\work\repository"/>
    <property name="java.vendor.url.bug" value="http://bugreport.sun.com/bugreport/"/>
    <property name="java.io.tmpdir" value="C:\Users\lyf\AppData\Local\Temp\"/>
    <property name="java.version" value="1.8.0_201"/>
    <property name="user.dir" value="D:\work\zjh_workspace\gateway\southintel-zaokin-app"/>
    <property name="os.arch" value="amd64"/>
    <property name="java.vm.specification.name" value="Java Virtual Machine Specification"/>
    <property name="java.awt.printerjob" value="sun.awt.windows.WPrinterJob"/>
    <property name="sun.os.patch.level" value=""/>
    <property name="idea.version2019.1" value="true"/>
    <property name="java.library.path" value="D:\Java\jdk1.8.0_201\jre\bin;C:\Windows\Sun\Java\bin;C:\Windows\system32;C:\Windows;C:\Program Files (x86)\Common Files\Oracle\Java\javapath;C:\Program Files (x86)\Intel\iCLS Client\;C:\Program Files\Intel\iCLS Client\;C:\Windows\system32;C:\Windows;C:\Windows\System32\Wbem;C:\Windows\System32\WindowsPowerShell\v1.0\;C:\Program Files (x86)\Intel\Intel(R) Management Engine Components\DAL;C:\Program Files\Intel\Intel(R) Management Engine Components\DAL;C:\Program Files (x86)\Intel\Intel(R) Management Engine Components\IPT;C:\Program Files\Intel\Intel(R) Management Engine Components\IPT;C:\Windows\System32\OpenSSH\;C:\Program Files\Intel\WiFi\bin\;C:\Program Files\Common Files\Intel\WirelessCommon\;D:\Java\jdk1.8.0_201\bin;D:\Java\jdk1.8.0_201\jre\bin;D:\work\apache-maven-3.6.0\bin;D:\ruanjian\Git\cmd;C:\Program Files\MongoDB\Server\3.4\bin;D:\Python36;D:\Python27;D:\Python36\Scripts;D:\Python27\Scripts;D:\Python37\Scripts\;D:\Python37\;C:\Users\lyf\AppData\Local\Microsoft\WindowsApps;;D:\ruanjian\PyCharm 2019.1.2\bin;;."/>
    <property name="java.vm.info" value="mixed mode"/>
    <property name="java.vendor" value="Oracle Corporation"/>
    <property name="java.vm.version" value="25.201-b09"/>
    <property name="java.ext.dirs" value="D:\Java\jdk1.8.0_201\jre\lib\ext;C:\Windows\Sun\Java\lib\ext"/>
    <property name="sun.io.unicode.encoding" value="UnicodeLittle"/>
    <property name="java.class.version" value="52.0"/>
  </properties>
  <testcase name="contextLoads" classname="com.southintel.zaokin.SouthintelWeizhiAppApplicationTests" time="0.141"/>
</testsuite>